<?xml version="1.0" encoding="UTF-8"?>
<testng-results skipped="0" failed="0" ignored="0" total="1" passed="1">
  <reporter-output>
  </reporter-output>
  <suite name="BDD Test Suite" duration-ms="24558" started-at="2020-05-22T17:21:33 BST" finished-at="2020-05-22T17:21:57 BST">
    <groups>
      <group name="cucumber">
        <method signature="RunCodeWithTestNG.feature(cucumber.api.testng.CucumberFeatureWrapper)[pri:0, instance:TestRunner.RunCodeWithTestNG@617faa95]" name="feature" class="TestRunner.RunCodeWithTestNG"/>
      </group> <!-- cucumber -->
    </groups>
    <test name="FREE CRM Test" duration-ms="24558" started-at="2020-05-22T17:21:33 BST" finished-at="2020-05-22T17:21:57 BST">
      <class name="TestRunner.RunCodeWithTestNG">
        <test-method status="PASS" signature="setUpClass()[pri:0, instance:TestRunner.RunCodeWithTestNG@617faa95]" name="setUpClass" is-config="true" duration-ms="524" started-at="2020-05-22T17:21:33 BST" finished-at="2020-05-22T17:21:33 BST">
          <reporter-output>
          </reporter-output>
        </test-method> <!-- setUpClass -->
        <test-method status="PASS" signature="feature(cucumber.api.testng.CucumberFeatureWrapper)[pri:0, instance:TestRunner.RunCodeWithTestNG@617faa95]" name="feature" duration-ms="23745" started-at="2020-05-22T17:21:33 BST" description="Runs Cucumber Feature" data-provider="features" finished-at="2020-05-22T17:21:57 BST">
          <params>
            <param index="0">
              <value>
                <![CDATA[Free CRM login with Example keyword]]>
              </value>
            </param>
          </params>
          <reporter-output>
          </reporter-output>
        </test-method> <!-- feature -->
        <test-method status="PASS" signature="tearDownClass()[pri:0, instance:TestRunner.RunCodeWithTestNG@617faa95]" name="tearDownClass" is-config="true" duration-ms="55" started-at="2020-05-22T17:21:57 BST" finished-at="2020-05-22T17:21:57 BST">
          <reporter-output>
          </reporter-output>
        </test-method> <!-- tearDownClass -->
      </class> <!-- TestRunner.RunCodeWithTestNG -->
    </test> <!-- FREE CRM Test -->
  </suite> <!-- BDD Test Suite -->
</testng-results>
